CRITICAL - 2025-04-09 08:48:53 --> CodeIgniter\View\Exceptions\ViewException: Invalid file: "layout/main.php"
[Method: GET, Route: artikel]
in SYSTEMPATH\Exceptions\FrameworkException.php on line 39.
 1 SYSTEMPATH\View\View.php(212): CodeIgniter\Exceptions\FrameworkException::forInvalidFile('layout/main.php')
 2 SYSTEMPATH\View\View.php(240): CodeIgniter\View\View->render('layout/main', [], true)
 3 SYSTEMPATH\Common.php(1173): CodeIgniter\View\View->render('artikel/index', [], true)
 4 APPPATH\Controllers\Artikel.php(11): view('artikel/index', [...])
 5 SYSTEMPATH\CodeIgniter.php(933): App\Controllers\Artikel->index()
 6 SYSTEMPATH\CodeIgniter.php(507): CodeIgniter\CodeIgniter->runController(Object(App\Controllers\Artikel))
 7 SYSTEMPATH\CodeIgniter.php(354): CodeIgniter\CodeIgniter->handleRequest(null, Object(Config\Cache), false)
 8 SYSTEMPATH\Boot.php(334): CodeIgniter\CodeIgniter->run()
 9 SYSTEMPATH\Boot.php(67): CodeIgniter\Boot::runCodeIgniter(Object(CodeIgniter\CodeIgniter))
10 FCPATH\index.php(56): CodeIgniter\Boot::bootWeb(Object(Config\Paths))
CRITICAL - 2025-04-09 08:49:55 --> CodeIgniter\View\Exceptions\ViewException: Invalid file: "layout/main.php"
[Method: GET, Route: artikel]
in SYSTEMPATH\Exceptions\FrameworkException.php on line 39.
 1 SYSTEMPATH\View\View.php(212): CodeIgniter\Exceptions\FrameworkException::forInvalidFile('layout/main.php')
 2 SYSTEMPATH\View\View.php(240): CodeIgniter\View\View->render('layout/main', [], true)
 3 SYSTEMPATH\Common.php(1173): CodeIgniter\View\View->render('artikel/index', [], true)
 4 APPPATH\Controllers\Artikel.php(11): view('artikel/index', [...])
 5 SYSTEMPATH\CodeIgniter.php(933): App\Controllers\Artikel->index()
 6 SYSTEMPATH\CodeIgniter.php(507): CodeIgniter\CodeIgniter->runController(Object(App\Controllers\Artikel))
 7 SYSTEMPATH\CodeIgniter.php(354): CodeIgniter\CodeIgniter->handleRequest(null, Object(Config\Cache), false)
 8 SYSTEMPATH\Boot.php(334): CodeIgniter\CodeIgniter->run()
 9 SYSTEMPATH\Boot.php(67): CodeIgniter\Boot::runCodeIgniter(Object(CodeIgniter\CodeIgniter))
10 FCPATH\index.php(56): CodeIgniter\Boot::bootWeb(Object(Config\Paths))
CRITICAL - 2025-04-09 08:50:16 --> CodeIgniter\View\Exceptions\ViewException: Invalid file: "layout/main.php"
[Method: GET, Route: artikel]
in SYSTEMPATH\Exceptions\FrameworkException.php on line 39.
 1 SYSTEMPATH\View\View.php(212): CodeIgniter\Exceptions\FrameworkException::forInvalidFile('layout/main.php')
 2 SYSTEMPATH\View\View.php(240): CodeIgniter\View\View->render('layout/main', [], true)
 3 SYSTEMPATH\Common.php(1173): CodeIgniter\View\View->render('artikel/index', [], true)
 4 APPPATH\Controllers\Artikel.php(11): view('artikel/index', [...])
 5 SYSTEMPATH\CodeIgniter.php(933): App\Controllers\Artikel->index()
 6 SYSTEMPATH\CodeIgniter.php(507): CodeIgniter\CodeIgniter->runController(Object(App\Controllers\Artikel))
 7 SYSTEMPATH\CodeIgniter.php(354): CodeIgniter\CodeIgniter->handleRequest(null, Object(Config\Cache), false)
 8 SYSTEMPATH\Boot.php(334): CodeIgniter\CodeIgniter->run()
 9 SYSTEMPATH\Boot.php(67): CodeIgniter\Boot::runCodeIgniter(Object(CodeIgniter\CodeIgniter))
10 FCPATH\index.php(56): CodeIgniter\Boot::bootWeb(Object(Config\Paths))
