CRITICAL - 2025-04-07 05:57:22 --> Error: Class "App\Controllers\PageNotFoundException" not found
[Method: GET, Route: artikel/form_add]
in APPPATH\Controllers\Artikel.php on line 23.
 1 SYSTEMPATH\CodeIgniter.php(933): App\Controllers\Artikel->view('form_add')
 2 SYSTEMPATH\CodeIgniter.php(507): CodeIgniter\CodeIgniter->runController(Object(App\Controllers\Artikel))
 3 SYSTEMPATH\CodeIgniter.php(354): CodeIgniter\CodeIgniter->handleRequest(null, Object(Config\Cache), false)
 4 SYSTEMPATH\Boot.php(334): CodeIgniter\CodeIgniter->run()
 5 SYSTEMPATH\Boot.php(67): CodeIgniter\Boot::runCodeIgniter(Object(CodeIgniter\CodeIgniter))
 6 FCPATH\index.php(56): CodeIgniter\Boot::bootWeb(Object(Config\Paths))
 7 SYSTEMPATH\rewrite.php(44): require_once('C:\\xampp\\htdocs\\Lab7Web\\Praktikum_2\\lab11_ci\\ci4\\public\\index.php')
CRITICAL - 2025-04-07 06:04:25 --> Error: Class "App\Controllers\PageNotFoundException" not found
[Method: GET, Route: artikel/form_add]
in APPPATH\Controllers\Artikel.php on line 23.
 1 SYSTEMPATH\CodeIgniter.php(933): App\Controllers\Artikel->view('form_add')
 2 SYSTEMPATH\CodeIgniter.php(507): CodeIgniter\CodeIgniter->runController(Object(App\Controllers\Artikel))
 3 SYSTEMPATH\CodeIgniter.php(354): CodeIgniter\CodeIgniter->handleRequest(null, Object(Config\Cache), false)
 4 SYSTEMPATH\Boot.php(334): CodeIgniter\CodeIgniter->run()
 5 SYSTEMPATH\Boot.php(67): CodeIgniter\Boot::runCodeIgniter(Object(CodeIgniter\CodeIgniter))
 6 FCPATH\index.php(56): CodeIgniter\Boot::bootWeb(Object(Config\Paths))
 7 SYSTEMPATH\rewrite.php(44): require_once('C:\\xampp\\htdocs\\Lab7Web\\Praktikum_2\\lab11_ci\\ci4\\public\\index.php')
